[INFO] /Users/xzl/go/src/easygo/main.go:145 服务器启动...
[INFO] /opt/homebrew/opt/go/libexec/src/runtime/proc.go:283 服务器启动...
[INFO] /Users/xzl/go/src/easygo/main.go:145 服务器启动...
[INFO]:145 服务器启动...
[INFO] /opt/homebrew/opt/go/libexec/src/runtime/proc.go:283 服务器启动...
[INFO] /opt/homebrew/opt/go/libexec/src/runtime/proc.go:283 服务器启动...
[INFO] /Users/xzl/go/src/easygo/main.go:145 服务器启动...
[INFO] /Users/xzl/go/src/easygo/main.go:145 服务器启动...
[INFO] 服务器启动...
[INFO] 服务器启动...
[INFO] 服务器启动...
[INFO] 服务器启动...
[INFO] 服务器启动...
[EASYGO - INFO] 服务器启动...
[EASYGO] 服务器启动...
[EASYGO] 服务器启动...
[EASYGO - WARN] 2025-06-09 13:46:10 未提供认证信息
[EASYGO - INFO] 2025-06-09 13:46:10 info
[EASYGO - ERROR] 2025-06-09 13:46:10 error
[EASYGO - FATAL] 2025-06-09 13:46:10 fatal
