[INFO] /Users/xzl/go/src/easygo/main.go:146 服务器启动，监听地址：:8080
[INFO] /Users/xzl/go/src/easygo/core/engine.go:108 服务器启动，监听地址：:8080
[INFO]:108 服务器启动，监听地址：:8080
[INFO] /Users/xzl/go/src/easygo/main.go:146 服务器启动，监听地址：:8080
[INFO] /Users/xzl/go/src/easygo/main.go:146 服务器启动，监听地址：:8080
[INFO] /Users/xzl/go/src/easygo/core/engine.go:108 服务器启动，监听地址：:8080
[INFO] /Users/xzl/go/src/easygo/core/engine.go:108 服务器启动，监听地址：:8080
[INFO] 服务器启动，监听地址：:8080
[INFO] 服务器启动，监听地址：:8080
[INFO] 服务器启动，监听地址：:8080
[INFO] 服务器启动，监听地址：:8080
[INFO] 服务器启动，监听地址：:8080
[EASYGO - INFO] 服务器启动，监听地址：:8080
[EASYGO - INFO] 服务器启动，监听地址：:8080
[EASYGO] 服务器启动，监听地址：:8080
[EASYGO] 服务器启动，监听地址：:8080
[EASYGO] 服务器启动，监听地址：:8080
[EASYGO] 2025-06-09 13:42:27 服务器启动，监听地址：:8080
[EASYGO] 2025-06-09 13:43:33 服务器启动，监听地址：:8080
[EASYGO] 2025-06-09 13:46:03 服务器启动，监听地址：:8080
[EASYGO] 2025-06-09 13:47:04 服务器启动，监听地址：:8080
